<?xml version="1.0" encoding="UTF-8"?>
<!-- Generated by org.testng.reporters.JUnitXMLReporter -->
<testsuite hostname="GSY-IBhangu" name="Test" tests="1" failures="1" timestamp="21 May 2021 19:50:16 GMT" time="254.721" errors="0">
  <testcase name="m1" time="251.996" classname="automation.ExpressBankingApp">
    <failure type="java.lang.ArrayIndexOutOfBoundsException" message="1">
      <![CDATA[java.lang.ArrayIndexOutOfBoundsException: 1
	at automation.ExpressBankingApp.calculateBank(ExpressBankingApp.java:1725)
	at automation.ExpressBankingApp.m1(ExpressBankingApp.java:131)
... Removed 25 stack frames]]>
    </failure>
  </testcase> <!-- m1 -->
</testsuite> <!-- Test -->
